2024-01-10 19:02:58,713 [main] INFO nopCommerce - ******Launching Browser******
2024-01-10 19:02:58,743 [main] INFO nopCommerce - ******Opening URL******
2024-01-10 19:03:00,371 [main] INFO nopCommerce - ******Providing login details******
2024-01-10 19:03:00,674 [main] INFO nopCommerce - ******Started Login Proccess******
2024-01-10 19:03:17,094 [main] INFO nopCommerce - ******Adding New Customer******
2024-01-10 19:03:17,095 [main] INFO nopCommerce - ******Providing Customers Details******
2024-01-10 19:03:17,847 [main] INFO nopCommerce - ******Launching Browser******
2024-01-10 19:03:17,849 [main] INFO nopCommerce - ******Opening URL******
2024-01-10 19:03:19,596 [main] INFO nopCommerce - ******Providing login details******
2024-01-10 19:03:19,860 [main] INFO nopCommerce - ******Started Login Proccess******
2024-01-10 19:03:29,588 [main] INFO nopCommerce - ******Searching a Customer By using email id******
2024-01-10 19:03:38,870 [main] INFO nopCommerce - ******Closing Browser******
2024-01-10 19:03:39,640 [main] INFO nopCommerce - ******Launching Browser******
2024-01-10 19:03:39,641 [main] INFO nopCommerce - ******Opening URL******
2024-01-10 19:03:41,221 [main] INFO nopCommerce - ******Providing login details******
2024-01-10 19:03:41,464 [main] INFO nopCommerce - ******Started Login Proccess******
2024-01-10 19:03:51,304 [main] INFO nopCommerce - ******Searching Customer By Name******
2024-01-10 19:04:03,648 [main] INFO nopCommerce - ******Closing Browser******
2024-01-10 19:04:04,470 [main] INFO nopCommerce - ******Launching Browser******
2024-01-10 19:04:04,472 [main] INFO nopCommerce - ******Opening URL******
2024-01-10 19:04:05,878 [main] INFO nopCommerce - ******Providing login details******
2024-01-10 19:04:06,067 [main] INFO nopCommerce - ******Started Login Proccess******
2024-01-10 19:04:08,313 [main] INFO nopCommerce - ******Login Failed******
2024-01-10 19:04:08,323 [main] INFO nopCommerce - ******Click on Logout Link******
2024-01-10 19:04:13,218 [main] INFO nopCommerce - ******Login Failed******
2024-01-10 19:04:13,226 [main] INFO nopCommerce - ******Closing Browser******
2024-01-10 19:04:13,957 [main] INFO nopCommerce - ******Launching Browser******
2024-01-10 19:04:13,959 [main] INFO nopCommerce - ******Opening URL******
2024-01-10 19:04:14,844 [main] INFO nopCommerce - ******Providing login details******
2024-01-10 19:04:15,101 [main] INFO nopCommerce - ******Started Login Proccess******
2024-01-10 19:04:18,713 [main] INFO nopCommerce - ******Login Failed******
2024-01-10 19:04:18,721 [main] INFO nopCommerce - ******Click on Logout Link******
2024-01-10 19:04:20,497 [main] INFO nopCommerce - ******Launching Browser******
2024-01-10 19:04:20,498 [main] INFO nopCommerce - ******Opening URL******
2024-01-10 19:04:21,998 [main] INFO nopCommerce - ******Providing login details******
2024-01-10 19:04:22,224 [main] INFO nopCommerce - ******Started Login Proccess******
2024-01-10 19:04:22,760 [main] INFO nopCommerce - ******Login Passed******
2024-01-10 19:53:23,351 [main] INFO nopCommerce - ******Launching Browser******
2024-01-10 19:53:23,377 [main] INFO nopCommerce - ******Opening URL******
2024-01-10 19:53:25,089 [main] INFO nopCommerce - ******Providing login details******
2024-01-10 19:53:25,453 [main] INFO nopCommerce - ******Started Login Proccess******
2024-01-10 19:53:27,944 [main] INFO nopCommerce - ******Login Failed******
2024-01-10 19:53:27,957 [main] INFO nopCommerce - ******Click on Logout Link******
2024-01-10 19:53:33,102 [main] INFO nopCommerce - ******Login Failed******
2024-01-10 19:53:33,118 [main] INFO nopCommerce - ******Closing Browser******
2024-01-10 19:53:34,171 [main] INFO nopCommerce - ******Launching Browser******
2024-01-10 19:53:34,177 [main] INFO nopCommerce - ******Opening URL******
2024-01-10 19:53:35,966 [main] INFO nopCommerce - ******Providing login details******
2024-01-10 19:53:36,367 [main] INFO nopCommerce - ******Started Login Proccess******
2024-01-10 19:53:39,564 [main] INFO nopCommerce - ******Login Failed******
2024-01-10 19:53:39,578 [main] INFO nopCommerce - ******Click on Logout Link******
2024-01-10 19:53:44,546 [main] INFO nopCommerce - ******Login Failed******
2024-01-10 19:53:44,558 [main] INFO nopCommerce - ******Closing Browser******
2024-01-10 19:53:45,467 [main] INFO nopCommerce - ******Launching Browser******
2024-01-10 19:53:45,470 [main] INFO nopCommerce - ******Opening URL******
2024-01-10 19:53:46,917 [main] INFO nopCommerce - ******Providing login details******
2024-01-10 19:53:47,275 [main] INFO nopCommerce - ******Started Login Proccess******
2024-01-10 19:53:47,925 [main] INFO nopCommerce - ******Login Passed******
2024-01-10 19:59:07,601 [main] INFO nopCommerce - ******Launching Browser******
2024-01-10 19:59:07,633 [main] INFO nopCommerce - ******Opening URL******
2024-01-10 19:59:09,355 [main] INFO nopCommerce - ******Providing login details******
2024-01-10 19:59:09,520 [main] INFO nopCommerce - ******Started Login Proccess******
2024-01-10 19:59:12,396 [main] INFO nopCommerce - ******Login Failed******
2024-01-10 19:59:12,412 [main] INFO nopCommerce - ******Click on Logout Link******
2024-01-10 19:59:15,873 [main] INFO nopCommerce - ******Launching Browser******
2024-01-10 19:59:15,876 [main] INFO nopCommerce - ******Opening URL******
2024-01-10 19:59:17,550 [main] INFO nopCommerce - ******Providing login details******
2024-01-10 19:59:17,673 [main] INFO nopCommerce - ******Started Login Proccess******
2024-01-10 19:59:20,519 [main] INFO nopCommerce - ******Login Failed******
2024-01-10 19:59:20,528 [main] INFO nopCommerce - ******Click on Logout Link******
2024-01-10 19:59:23,837 [main] INFO nopCommerce - ******Launching Browser******
2024-01-10 19:59:23,841 [main] INFO nopCommerce - ******Opening URL******
2024-01-10 19:59:25,635 [main] INFO nopCommerce - ******Providing login details******
2024-01-10 19:59:25,756 [main] INFO nopCommerce - ******Started Login Proccess******
2024-01-10 19:59:27,884 [main] INFO nopCommerce - ******Login Passed******
2024-01-10 20:26:19,153 [main] INFO nopCommerce - ******Launching Browser******
2024-01-10 20:26:19,176 [main] INFO nopCommerce - ******Opening URL******
2024-01-10 20:26:20,712 [main] INFO nopCommerce - ******Providing login details******
2024-01-10 20:26:20,896 [main] INFO nopCommerce - ******Started Login Proccess******
2024-01-10 20:26:24,278 [main] INFO nopCommerce - ******Login Failed******
2024-01-10 20:26:24,294 [main] INFO nopCommerce - ******Click on Logout Link******
2024-01-10 20:26:29,576 [main] INFO nopCommerce - ******Login Failed******
2024-01-10 20:26:29,581 [main] INFO nopCommerce - ******Closing Browser******
2024-01-10 21:37:51,398 [main] INFO nopCommerce - ******Launching Browser******
2024-01-10 21:37:51,418 [main] INFO nopCommerce - ******Opening URL******
2024-01-10 21:37:53,051 [main] INFO nopCommerce - ******Providing login details******
2024-01-10 21:37:53,257 [main] INFO nopCommerce - ******Started Login Proccess******
2024-01-10 21:38:09,597 [main] INFO nopCommerce - ******Adding New Customer******
2024-01-10 21:38:09,598 [main] INFO nopCommerce - ******Providing Customers Details******
2024-01-10 21:38:22,512 [main] INFO nopCommerce - ******Saving Customers Data******
2024-01-10 21:38:26,597 [main] INFO nopCommerce - ******Closing Browser******
2024-01-10 21:38:27,383 [main] INFO nopCommerce - ******Launching Browser******
2024-01-10 21:38:27,392 [main] INFO nopCommerce - ******Opening URL******
2024-01-10 21:38:28,761 [main] INFO nopCommerce - ******Providing login details******
2024-01-10 21:38:28,927 [main] INFO nopCommerce - ******Started Login Proccess******
2024-01-10 21:38:32,707 [main] INFO nopCommerce - ******Login Failed******
2024-01-10 21:38:32,715 [main] INFO nopCommerce - ******Click on Logout Link******
2024-01-10 21:38:37,950 [main] INFO nopCommerce - ******Login Failed******
2024-01-10 21:38:37,955 [main] INFO nopCommerce - ******Closing Browser******
2024-01-11 12:26:59,252 [main] INFO nopCommerce - ******Launching Browser******
2024-01-11 12:26:59,279 [main] INFO nopCommerce - ******Opening URL******
2024-01-11 12:27:01,139 [main] INFO nopCommerce - ******Providing login details******
2024-01-11 12:27:01,301 [main] INFO nopCommerce - ******Started Login Proccess******
2024-01-11 12:27:17,476 [main] INFO nopCommerce - ******Adding New Customer******
2024-01-11 12:27:17,476 [main] INFO nopCommerce - ******Providing Customers Details******
2024-01-11 12:27:30,303 [main] INFO nopCommerce - ******Saving Customers Data******
2024-01-11 12:27:40,592 [main] INFO nopCommerce - ******Launching Browser******
2024-01-11 12:27:40,612 [main] INFO nopCommerce - ******Opening URL******
2024-01-11 12:27:42,461 [main] INFO nopCommerce - ******Providing login details******
2024-01-11 12:27:42,605 [main] INFO nopCommerce - ******Started Login Proccess******
2024-01-11 12:27:58,834 [main] INFO nopCommerce - ******Adding New Customer******
2024-01-11 12:27:58,834 [main] INFO nopCommerce - ******Providing Customers Details******
2024-01-11 12:28:11,676 [main] INFO nopCommerce - ******Saving Customers Data******
2024-01-11 12:28:15,706 [main] INFO nopCommerce - ******Closing Browser******
2024-01-11 12:28:16,436 [main] INFO nopCommerce - ******Launching Browser******
2024-01-11 12:28:16,439 [main] INFO nopCommerce - ******Opening URL******
2024-01-11 12:28:18,170 [main] INFO nopCommerce - ******Providing login details******
2024-01-11 12:28:18,350 [main] INFO nopCommerce - ******Started Login Proccess******
2024-01-11 12:28:21,212 [main] INFO nopCommerce - ******Login Failed******
2024-01-11 12:28:21,226 [main] INFO nopCommerce - ******Click on Logout Link******
2024-01-11 12:28:25,902 [main] INFO nopCommerce - ******Login Failed******
2024-01-11 12:28:25,907 [main] INFO nopCommerce - ******Closing Browser******
2024-01-11 13:50:18,606 [main] INFO nopCommerce - ******Launching Browser******
2024-01-11 13:50:18,621 [main] INFO nopCommerce - ******Opening URL******
2024-01-11 13:50:20,124 [main] INFO nopCommerce - ******Providing login details******
2024-01-11 13:50:20,275 [main] INFO nopCommerce - ******Started Login Proccess******
2024-01-11 13:50:36,426 [main] INFO nopCommerce - ******Adding New Customer******
2024-01-11 13:50:36,441 [main] INFO nopCommerce - ******Providing Customers Details******
2024-01-11 13:50:49,426 [main] INFO nopCommerce - ******Saving Customers Data******
2024-01-11 13:50:53,465 [main] INFO nopCommerce - ******Closing Browser******
2024-01-11 13:50:54,184 [main] INFO nopCommerce - ******Launching Browser******
2024-01-11 13:50:54,188 [main] INFO nopCommerce - ******Opening URL******
2024-01-11 13:50:55,773 [main] INFO nopCommerce - ******Providing login details******
2024-01-11 13:50:55,927 [main] INFO nopCommerce - ******Started Login Proccess******
2024-01-11 13:51:02,016 [main] INFO nopCommerce - ******Login Failed******
2024-01-11 13:51:02,031 [main] INFO nopCommerce - ******Click on Logout Link******
2024-01-11 13:51:06,961 [main] INFO nopCommerce - ******Login Failed******
2024-01-11 13:51:06,977 [main] INFO nopCommerce - ******Closing Browser******
2024-01-11 13:57:08,266 [main] INFO nopCommerce - ******Launching Browser******
2024-01-11 13:57:08,271 [main] INFO nopCommerce - ******Opening URL******
2024-01-11 13:57:10,121 [main] INFO nopCommerce - ******Providing login details******
2024-01-11 13:57:10,276 [main] INFO nopCommerce - ******Started Login Proccess******
2024-01-11 13:57:26,173 [main] INFO nopCommerce - ******Adding New Customer******
2024-01-11 13:57:26,173 [main] INFO nopCommerce - ******Providing Customers Details******
2024-01-11 13:57:39,283 [main] INFO nopCommerce - ******Saving Customers Data******
2024-01-11 13:57:43,398 [main] INFO nopCommerce - ******Closing Browser******
2024-01-11 13:57:44,158 [main] INFO nopCommerce - ******Launching Browser******
2024-01-11 13:57:44,163 [main] INFO nopCommerce - ******Opening URL******
2024-01-11 13:57:45,769 [main] INFO nopCommerce - ******Providing login details******
2024-01-11 13:57:45,949 [main] INFO nopCommerce - ******Started Login Proccess******
2024-01-11 13:57:49,085 [main] INFO nopCommerce - ******Login Failed******
2024-01-11 13:57:49,098 [main] INFO nopCommerce - ******Click on Logout Link******
2024-01-11 13:57:53,934 [main] INFO nopCommerce - ******Login Failed******
2024-01-11 13:57:53,944 [main] INFO nopCommerce - ******Closing Browser******
2024-01-11 17:28:17,433 [main] INFO nopCommerce - ******Launching Browser******
2024-01-11 17:28:17,467 [main] INFO nopCommerce - ******Opening URL******
2024-01-11 17:28:19,153 [main] INFO nopCommerce - ******Providing login details******
2024-01-11 17:28:19,522 [main] INFO nopCommerce - ******Started Login Proccess******
2024-01-11 17:28:36,885 [main] INFO nopCommerce - ******Adding New Customer******
2024-01-11 17:28:36,893 [main] INFO nopCommerce - ******Providing Customers Details******
2024-01-11 17:28:50,717 [main] INFO nopCommerce - ******Saving Customers Data******
2024-01-11 17:28:55,060 [main] INFO nopCommerce - ******Closing Browser******
2024-01-11 17:28:56,077 [main] INFO nopCommerce - ******Launching Browser******
2024-01-11 17:28:56,079 [main] INFO nopCommerce - ******Opening URL******
2024-01-11 17:28:57,553 [main] INFO nopCommerce - ******Providing login details******
2024-01-11 17:28:57,924 [main] INFO nopCommerce - ******Started Login Proccess******
2024-01-11 17:29:00,986 [main] INFO nopCommerce - ******Login Failed******
2024-01-11 17:29:00,992 [main] INFO nopCommerce - ******Click on Logout Link******
2024-01-11 17:29:05,525 [main] INFO nopCommerce - ******Login Failed******
2024-01-11 17:29:05,533 [main] INFO nopCommerce - ******Closing Browser******
2024-01-12 10:25:27,980 [main] INFO nopCommerce - ******Launching Browser******
2024-01-12 10:25:28,047 [main] INFO nopCommerce - ******Opening URL******
2024-01-12 10:25:29,787 [main] INFO nopCommerce - ******Providing login details******
2024-01-12 10:25:30,226 [main] INFO nopCommerce - ******Started Login Proccess******
2024-01-12 10:25:46,612 [main] INFO nopCommerce - ******Adding New Customer******
2024-01-12 10:25:46,612 [main] INFO nopCommerce - ******Providing Customers Details******
2024-01-12 10:26:00,606 [main] INFO nopCommerce - ******Saving Customers Data******
2024-01-12 10:26:04,952 [main] INFO nopCommerce - ******Closing Browser******
2024-01-12 10:26:06,115 [main] INFO nopCommerce - ******Launching Browser******
2024-01-12 10:26:06,124 [main] INFO nopCommerce - ******Opening URL******
2024-01-12 10:26:07,914 [main] INFO nopCommerce - ******Providing login details******
2024-01-12 10:26:08,253 [main] INFO nopCommerce - ******Started Login Proccess******
2024-01-12 10:26:10,222 [main] INFO nopCommerce - ******Login Failed******
2024-01-12 10:26:10,231 [main] INFO nopCommerce - ******Click on Logout Link******
2024-01-12 10:31:17,292 [main] INFO nopCommerce - ******Launching Browser******
2024-01-12 10:31:17,318 [main] INFO nopCommerce - ******Opening URL******
2024-01-12 10:31:19,009 [main] INFO nopCommerce - ******Providing login details******
2024-01-12 10:31:19,450 [main] INFO nopCommerce - ******Started Login Proccess******
2024-01-12 10:31:37,409 [main] INFO nopCommerce - ******Adding New Customer******
2024-01-12 10:31:37,409 [main] INFO nopCommerce - ******Providing Customers Details******
2024-01-12 10:31:51,245 [main] INFO nopCommerce - ******Saving Customers Data******
2024-01-12 10:31:55,581 [main] INFO nopCommerce - ******Closing Browser******
2024-01-12 10:31:56,811 [main] INFO nopCommerce - ******Launching Browser******
2024-01-12 10:31:56,819 [main] INFO nopCommerce - ******Opening URL******
2024-01-12 10:31:57,897 [main] INFO nopCommerce - ******Providing login details******
2024-01-12 10:31:58,348 [main] INFO nopCommerce - ******Started Login Proccess******
2024-01-12 10:32:00,271 [main] INFO nopCommerce - ******Login Failed******
2024-01-12 10:32:00,281 [main] INFO nopCommerce - ******Click on Logout Link******
2024-01-12 10:32:05,977 [main] INFO nopCommerce - ******Login Failed******
2024-01-12 10:32:05,984 [main] INFO nopCommerce - ******Closing Browser******
2024-01-12 10:59:35,769 [main] INFO nopCommerce - ******Launching Browser******
2024-01-12 10:59:35,797 [main] INFO nopCommerce - ******Opening URL******
2024-01-12 10:59:37,563 [main] INFO nopCommerce - ******Providing login details******
2024-01-12 10:59:37,981 [main] INFO nopCommerce - ******Started Login Proccess******
2024-01-12 10:59:54,523 [main] INFO nopCommerce - ******Adding New Customer******
2024-01-12 10:59:54,523 [main] INFO nopCommerce - ******Providing Customers Details******
2024-01-12 11:00:08,209 [main] INFO nopCommerce - ******Saving Customers Data******
2024-01-12 11:00:12,329 [main] INFO nopCommerce - ******Closing Browser******
2024-01-12 11:00:13,360 [main] INFO nopCommerce - ******Launching Browser******
2024-01-12 11:00:13,377 [main] INFO nopCommerce - ******Opening URL******
2024-01-12 11:00:15,102 [main] INFO nopCommerce - ******Providing login details******
2024-01-12 11:00:15,480 [main] INFO nopCommerce - ******Started Login Proccess******
2024-01-12 11:00:18,816 [main] INFO nopCommerce - ******Login Failed******
2024-01-12 11:00:18,841 [main] INFO nopCommerce - ******Click on Logout Link******
2024-01-12 11:00:23,954 [main] INFO nopCommerce - ******Login Failed******
2024-01-12 11:00:23,964 [main] INFO nopCommerce - ******Closing Browser******
